<?xml version="1.0" encoding="UTF-8"?>
<testsuite xmlns:xsi="http://www.w3.org/2001/XMLSchema-instance" xsi:noNamespaceSchemaLocation="https://maven.apache.org/surefire/maven-surefire-plugin/xsd/surefire-test-report-3.0.xsd" version="3.0" name="app.services.CalculaServiceTest" time="0.046" tests="5" errors="0" skipped="0" failures="0">
  <properties>
[...]
</properties>
  <testcase name="cenario01" classname="app.services.CalculaServiceTest" time="0.011">
    <system-out><![CDATA[2024-09-10T21:02:23.944-03:00  INFO 26248 --- [demo] [           main] t.c.s.AnnotationConfigContextLoaderUtils : Could not detect default configuration classes for test class [app.services.CalculaServiceTest]: CalculaServiceTest does not declare any static, non-private, non-final, nested classes annotated with @Configuration.
2024-09-10T21:02:23.952-03:00  INFO 26248 --- [demo] [           main] .b.t.c.SpringBootTestContextBootstrapper : Found @SpringBootConfiguration app.Application for test class app.services.CalculaServiceTest
]]></system-out>
  </testcase>
  <testcase name="cenario02" classname="app.services.CalculaServiceTest" time="0.005"/>
  <testcase name="cenario03" classname="app.services.CalculaServiceTest" time="0.002"/>
  <testcase name="cenario05" classname="app.services.CalculaServiceTest" time="0.004"/>
  <testcase name="cenari04" classname="app.services.CalculaServiceTest" time="0.003"/>
</testsuite>